<?xml version="1.0" encoding="UTF-8"?>
<!-- Generated by org.testng.reporters.JUnitXMLReporter -->
<testsuite ignored="79" hostname="vasan" failures="0" tests="1" name="Default test" time="35.5" errors="0" timestamp="2023-10-04T09:52:10 IST">
  <testcase classname="practice_2.Hybrid_for_Luma" name="TestCase_055" time="23.39"/>
  <testcase classname="practice_2.Hybrid_for_Luma" name="TestCase_061" time="0.0">
    <ignored/>
  </testcase> <!-- TestCase_061 -->
  <testcase classname="practice_2.Hybrid_for_Luma" name="TestCase_051" time="0.0">
    <ignored/>
  </testcase> <!-- TestCase_051 -->
  <testcase classname="practice_2.Hybrid_for_Luma" name="TestCase_039" time="0.0">
    <ignored/>
  </testcase> <!-- TestCase_039 -->
  <testcase classname="practice_2.Hybrid_for_Luma" name="TestCase_029" time="0.0">
    <ignored/>
  </testcase> <!-- TestCase_029 -->
  <testcase classname="practice_2.Hybrid_for_Luma" name="TestCase_019" time="0.0">
    <ignored/>
  </testcase> <!-- TestCase_019 -->
  <testcase classname="practice_2.Hybrid_for_Luma" name="TestCase_049" time="0.0">
    <ignored/>
  </testcase> <!-- TestCase_049 -->
  <testcase classname="practice_2.Hybrid_for_Luma" name="TestCase_005" time="0.0">
    <ignored/>
  </testcase> <!-- TestCase_005 -->
  <testcase classname="practice_2.Hybrid_for_Luma" name="TestCase_075" time="0.0">
    <ignored/>
  </testcase> <!-- TestCase_075 -->
  <testcase classname="practice_2.Hybrid_for_Luma" name="TestCase_031" time="0.0">
    <ignored/>
  </testcase> <!-- TestCase_031 -->
  <testcase classname="practice_2.Hybrid_for_Luma" name="TestCase_009" time="0.0">
    <ignored/>
  </testcase> <!-- TestCase_009 -->
  <testcase classname="practice_2.Hybrid_for_Luma" name="TestCase_079" time="0.0">
    <ignored/>
  </testcase> <!-- TestCase_079 -->
  <testcase classname="practice_2.Hybrid_for_Luma" name="TestCase_035" time="0.0">
    <ignored/>
  </testcase> <!-- TestCase_035 -->
  <testcase classname="practice_2.Hybrid_for_Luma" name="TestCase_065" time="0.0">
    <ignored/>
  </testcase> <!-- TestCase_065 -->
  <testcase classname="practice_2.Hybrid_for_Luma" name="TestCase_021" time="0.0">
    <ignored/>
  </testcase> <!-- TestCase_021 -->
  <testcase classname="practice_2.Hybrid_for_Luma" name="TestCase_011" time="0.0">
    <ignored/>
  </testcase> <!-- TestCase_011 -->
  <testcase classname="practice_2.Hybrid_for_Luma" name="TestCase_041" time="0.0">
    <ignored/>
  </testcase> <!-- TestCase_041 -->
  <testcase classname="practice_2.Hybrid_for_Luma" name="TestCase_069" time="0.0">
    <ignored/>
  </testcase> <!-- TestCase_069 -->
  <testcase classname="practice_2.Hybrid_for_Luma" name="TestCase_025" time="0.0">
    <ignored/>
  </testcase> <!-- TestCase_025 -->
  <testcase classname="practice_2.Hybrid_for_Luma" name="TestCase_059" time="0.0">
    <ignored/>
  </testcase> <!-- TestCase_059 -->
  <testcase classname="practice_2.Hybrid_for_Luma" name="TestCase_015" time="0.0">
    <ignored/>
  </testcase> <!-- TestCase_015 -->
  <testcase classname="practice_2.Hybrid_for_Luma" name="TestCase_045" time="0.0">
    <ignored/>
  </testcase> <!-- TestCase_045 -->
  <testcase classname="practice_2.Hybrid_for_Luma" name="TestCase_001" time="0.0">
    <ignored/>
  </testcase> <!-- TestCase_001 -->
  <testcase classname="practice_2.Hybrid_for_Luma" name="TestCase_072" time="0.0">
    <ignored/>
  </testcase> <!-- TestCase_072 -->
  <testcase classname="practice_2.Hybrid_for_Luma" name="TestCase_062" time="0.0">
    <ignored/>
  </testcase> <!-- TestCase_062 -->
  <testcase classname="practice_2.Hybrid_for_Luma" name="TestCase_006" time="0.0">
    <ignored/>
  </testcase> <!-- TestCase_006 -->
  <testcase classname="practice_2.Hybrid_for_Luma" name="TestCase_016" time="0.0">
    <ignored/>
  </testcase> <!-- TestCase_016 -->
  <testcase classname="practice_2.Hybrid_for_Luma" name="TestCase_042" time="0.0">
    <ignored/>
  </testcase> <!-- TestCase_042 -->
  <testcase classname="practice_2.Hybrid_for_Luma" name="TestCase_046" time="0.0">
    <ignored/>
  </testcase> <!-- TestCase_046 -->
  <testcase classname="practice_2.Hybrid_for_Luma" name="TestCase_002" time="0.0">
    <ignored/>
  </testcase> <!-- TestCase_002 -->
  <testcase classname="practice_2.Hybrid_for_Luma" name="TestCase_076" time="0.0">
    <ignored/>
  </testcase> <!-- TestCase_076 -->
  <testcase classname="practice_2.Hybrid_for_Luma" name="TestCase_032" time="0.0">
    <ignored/>
  </testcase> <!-- TestCase_032 -->
  <testcase classname="practice_2.Hybrid_for_Luma" name="TestCase_066" time="0.0">
    <ignored/>
  </testcase> <!-- TestCase_066 -->
  <testcase classname="practice_2.Hybrid_for_Luma" name="TestCase_022" time="0.0">
    <ignored/>
  </testcase> <!-- TestCase_022 -->
  <testcase classname="practice_2.Hybrid_for_Luma" name="TestCase_052" time="0.0">
    <ignored/>
  </testcase> <!-- TestCase_052 -->
  <testcase classname="practice_2.Hybrid_for_Luma" name="TestCase_036" time="0.0">
    <ignored/>
  </testcase> <!-- TestCase_036 -->
  <testcase classname="practice_2.Hybrid_for_Luma" name="TestCase_026" time="0.0">
    <ignored/>
  </testcase> <!-- TestCase_026 -->
  <testcase classname="practice_2.Hybrid_for_Luma" name="TestCase_056" time="0.0">
    <ignored/>
  </testcase> <!-- TestCase_056 -->
  <testcase classname="practice_2.Hybrid_for_Luma" name="TestCase_012" time="0.0">
    <ignored/>
  </testcase> <!-- TestCase_012 -->
  <testcase classname="practice_2.Hybrid_for_Luma" name="TestCase_073" time="0.0">
    <ignored/>
  </testcase> <!-- TestCase_073 -->
  <testcase classname="practice_2.Hybrid_for_Luma" name="TestCase_017" time="0.0">
    <ignored/>
  </testcase> <!-- TestCase_017 -->
  <testcase classname="practice_2.Hybrid_for_Luma" name="TestCase_007" time="0.0">
    <ignored/>
  </testcase> <!-- TestCase_007 -->
  <testcase classname="practice_2.Hybrid_for_Luma" name="TestCase_027" time="0.0">
    <ignored/>
  </testcase> <!-- TestCase_027 -->
  <testcase classname="practice_2.Hybrid_for_Luma" name="TestCase_053" time="0.0">
    <ignored/>
  </testcase> <!-- TestCase_053 -->
  <testcase classname="practice_2.Hybrid_for_Luma" name="TestCase_057" time="0.0">
    <ignored/>
  </testcase> <!-- TestCase_057 -->
  <testcase classname="practice_2.Hybrid_for_Luma" name="TestCase_013" time="0.0">
    <ignored/>
  </testcase> <!-- TestCase_013 -->
  <testcase classname="practice_2.Hybrid_for_Luma" name="TestCase_043" time="0.0">
    <ignored/>
  </testcase> <!-- TestCase_043 -->
  <testcase classname="practice_2.Hybrid_for_Luma" name="TestCase_077" time="0.0">
    <ignored/>
  </testcase> <!-- TestCase_077 -->
  <testcase classname="practice_2.Hybrid_for_Luma" name="TestCase_033" time="0.0">
    <ignored/>
  </testcase> <!-- TestCase_033 -->
  <testcase classname="practice_2.Hybrid_for_Luma" name="TestCase_063" time="0.0">
    <ignored/>
  </testcase> <!-- TestCase_063 -->
  <testcase classname="practice_2.Hybrid_for_Luma" name="TestCase_047" time="0.0">
    <ignored/>
  </testcase> <!-- TestCase_047 -->
  <testcase classname="practice_2.Hybrid_for_Luma" name="TestCase_003" time="0.0">
    <ignored/>
  </testcase> <!-- TestCase_003 -->
  <testcase classname="practice_2.Hybrid_for_Luma" name="TestCase_037" time="0.0">
    <ignored/>
  </testcase> <!-- TestCase_037 -->
  <testcase classname="practice_2.Hybrid_for_Luma" name="TestCase_067" time="0.0">
    <ignored/>
  </testcase> <!-- TestCase_067 -->
  <testcase classname="practice_2.Hybrid_for_Luma" name="TestCase_023" time="0.0">
    <ignored/>
  </testcase> <!-- TestCase_023 -->
  <testcase classname="practice_2.Hybrid_for_Luma" name="TestCase_060" time="0.0">
    <ignored/>
  </testcase> <!-- TestCase_060 -->
  <testcase classname="practice_2.Hybrid_for_Luma" name="TestCase_080" time="0.0">
    <ignored/>
  </testcase> <!-- TestCase_080 -->
  <testcase classname="practice_2.Hybrid_for_Luma" name="TestCase_050" time="0.0">
    <ignored/>
  </testcase> <!-- TestCase_050 -->
  <testcase classname="practice_2.Hybrid_for_Luma" name="TestCase_040" time="0.0">
    <ignored/>
  </testcase> <!-- TestCase_040 -->
  <testcase classname="practice_2.Hybrid_for_Luma" name="TestCase_070" time="0.0">
    <ignored/>
  </testcase> <!-- TestCase_070 -->
  <testcase classname="practice_2.Hybrid_for_Luma" name="TestCase_028" time="0.0">
    <ignored/>
  </testcase> <!-- TestCase_028 -->
  <testcase classname="practice_2.Hybrid_for_Luma" name="TestCase_018" time="0.0">
    <ignored/>
  </testcase> <!-- TestCase_018 -->
  <testcase classname="practice_2.Hybrid_for_Luma" name="TestCase_008" time="0.0">
    <ignored/>
  </testcase> <!-- TestCase_008 -->
  <testcase classname="practice_2.Hybrid_for_Luma" name="TestCase_038" time="0.0">
    <ignored/>
  </testcase> <!-- TestCase_038 -->
  <testcase classname="practice_2.Hybrid_for_Luma" name="TestCase_064" time="0.0">
    <ignored/>
  </testcase> <!-- TestCase_064 -->
  <testcase classname="practice_2.Hybrid_for_Luma" name="TestCase_020" time="0.0">
    <ignored/>
  </testcase> <!-- TestCase_020 -->
  <testcase classname="practice_2.Hybrid_for_Luma" name="TestCase_068" time="0.0">
    <ignored/>
  </testcase> <!-- TestCase_068 -->
  <testcase classname="practice_2.Hybrid_for_Luma" name="TestCase_024" time="0.0">
    <ignored/>
  </testcase> <!-- TestCase_024 -->
  <testcase classname="practice_2.Hybrid_for_Luma" name="TestCase_054" time="0.0">
    <ignored/>
  </testcase> <!-- TestCase_054 -->
  <testcase classname="practice_2.Hybrid_for_Luma" name="TestCase_010" time="0.0">
    <ignored/>
  </testcase> <!-- TestCase_010 -->
  <testcase classname="practice_2.Hybrid_for_Luma" name="TestCase_044" time="0.0">
    <ignored/>
  </testcase> <!-- TestCase_044 -->
  <testcase classname="practice_2.Hybrid_for_Luma" name="TestCase_074" time="0.0">
    <ignored/>
  </testcase> <!-- TestCase_074 -->
  <testcase classname="practice_2.Hybrid_for_Luma" name="TestCase_030" time="0.0">
    <ignored/>
  </testcase> <!-- TestCase_030 -->
  <testcase classname="practice_2.Hybrid_for_Luma" name="TestCase_058" time="0.0">
    <ignored/>
  </testcase> <!-- TestCase_058 -->
  <testcase classname="practice_2.Hybrid_for_Luma" name="TestCase_014" time="0.0">
    <ignored/>
  </testcase> <!-- TestCase_014 -->
  <testcase classname="practice_2.Hybrid_for_Luma" name="TestCase_048" time="0.0">
    <ignored/>
  </testcase> <!-- TestCase_048 -->
  <testcase classname="practice_2.Hybrid_for_Luma" name="TestCase_004" time="0.0">
    <ignored/>
  </testcase> <!-- TestCase_004 -->
  <testcase classname="practice_2.Hybrid_for_Luma" name="TestCase_078" time="0.0">
    <ignored/>
  </testcase> <!-- TestCase_078 -->
  <testcase classname="practice_2.Hybrid_for_Luma" name="TestCase_034" time="0.0">
    <ignored/>
  </testcase> <!-- TestCase_034 -->
  <testcase classname="practice_2.Hybrid_for_Luma" name="TestCase_071" time="0.0">
    <ignored/>
  </testcase> <!-- TestCase_071 -->
</testsuite> <!-- Default test -->
