<?xml version="1.0" encoding="UTF-8"?>
<testng-results ignored="0" total="1" passed="1" failed="0" skipped="0">
  <reporter-output>
    <line>
      <![CDATA[**************************************************************************]]>
    </line>
    <line>
      <![CDATA[Open The Browser...]]>
    </line>
    <line>
      <![CDATA[TestCase-55 is Pass]]>
    </line>
    <line>
      <![CDATA[Close The Browser...]]>
    </line>
    <line>
      <![CDATA[**************************************************************************]]>
    </line>
  </reporter-output>
  <suite started-at="2023-10-04T09:51:34 IST" name="Default suite" finished-at="2023-10-04T09:52:10 IST" duration-ms="35500">
    <groups>
    </groups>
    <test started-at="2023-10-04T09:51:34 IST" name="Default test" finished-at="2023-10-04T09:52:10 IST" duration-ms="35500">
      <class name="practice_2.Hybrid_for_Luma">
        <test-method is-config="true" signature="OpenBrowser()[pri:0, instance:practice_2.Hybrid_for_Luma@8f2ef19]" started-at="2023-10-04T09:51:34 IST" name="OpenBrowser" finished-at="2023-10-04T09:51:44 IST" duration-ms="9761" status="PASS">
          <reporter-output>
            <line>
              <![CDATA[**************************************************************************]]>
            </line>
            <line>
              <![CDATA[Open The Browser...]]>
            </line>
          </reporter-output>
        </test-method> <!-- OpenBrowser -->
        <test-method signature="TestCase_055()[pri:55, instance:practice_2.Hybrid_for_Luma@8f2ef19]" started-at="2023-10-04T09:51:44 IST" name="TestCase_055" finished-at="2023-10-04T09:52:08 IST" duration-ms="23390" status="PASS">
          <reporter-output>
            <line>
              <![CDATA[TestCase-55 is Pass]]>
            </line>
          </reporter-output>
        </test-method> <!-- TestCase_055 -->
        <test-method is-config="true" signature="CloseBrowser()[pri:0, instance:practice_2.Hybrid_for_Luma@8f2ef19]" started-at="2023-10-04T09:52:08 IST" name="CloseBrowser" finished-at="2023-10-04T09:52:10 IST" duration-ms="2253" status="PASS">
          <reporter-output>
            <line>
              <![CDATA[Close The Browser...]]>
            </line>
            <line>
              <![CDATA[**************************************************************************]]>
            </line>
          </reporter-output>
        </test-method> <!-- CloseBrowser -->
      </class> <!-- practice_2.Hybrid_for_Luma -->
    </test> <!-- Default test -->
  </suite> <!-- Default suite -->
</testng-results>
